# JRE version: OpenJDK Runtime Environment (8.0_152-b06) (build 1.8.0_152-release-1136-b06)
# Java VM: OpenJDK 64-Bit Server VM (25.152-b06 mixed mode windows-amd64 compressed oops)
Heap:
 PSYoungGen      total 396288K, used 164570K [0x00000000e0000000, 0x00000000ff700000, 0x0000000100000000)
  eden space 279552K, 55% used [0x00000000e0000000,0x00000000e973ea18,0x00000000f1100000)
  from space 116736K, 8% used [0x00000000f1100000,0x00000000f1a77e88,0x00000000f8300000)
  to   space 114176K, 0% used [0x00000000f8780000,0x00000000f8780000,0x00000000ff700000)
 ParOldGen       total 382464K, used 154453K [0x00000000a0000000, 0x00000000b7580000, 0x00000000e0000000)
  object space 382464K, 40% used [0x00000000a0000000,0x00000000a96d5560,0x00000000b7580000)
 Metaspace       used 85078K, capacity 88412K, committed 88576K, reserved 1126400K
  class space    used 10747K, capacity 11444K, committed 11520K, reserved 1048576K
GC Heap History (10 events):
Event: 1102.662 GC heap before
{Heap before GC invocations=26 (full 5):
 PSYoungGen      total 367104K, used 80270K [0x00000000e0000000, 0x0000000100000000, 0x0000000100000000)
  eden space 286720K, 0% used [0x00000000e0000000,0x00000000e0000000,0x00000000f1800000)
  from space 80384K, 99% used [0x00000000f1800000,0x00000000f6663810,0x00000000f6680000)
  to   space 125440K, 0% used [0x00000000f8580000,0x00000000f8580000,0x0000000100000000)
 ParOldGen       total 287232K, used 268416K [0x00000000a0000000, 0x00000000b1880000, 0x00000000e0000000)
  object space 287232K, 93% used [0x00000000a0000000,0x00000000b0620008,0x00000000b1880000)
 Metaspace       used 83547K, capacity 86656K, committed 86912K, reserved 1124352K
  class space    used 10688K, capacity 11342K, committed 11392K, reserved 1048576K
Event: 1103.730 GC heap after
Heap after GC invocations=26 (full 5):
 PSYoungGen      total 367104K, used 0K [0x00000000e0000000, 0x0000000100000000, 0x0000000100000000)
  eden space 286720K, 0% used [0x00000000e0000000,0x00000000e0000000,0x00000000f1800000)
  from space 80384K, 0% used [0x00000000f1800000,0x00000000f1800000,0x00000000f6680000)
  to   space 125440K, 0% used [0x00000000f8580000,0x00000000f8580000,0x0000000100000000)
 ParOldGen       total 382464K, used 146225K [0x00000000a0000000, 0x00000000b7580000, 0x00000000e0000000)
  object space 382464K, 38% used [0x00000000a0000000,0x00000000a8ecc4a0,0x00000000b7580000)
 Metaspace       used 82562K, capacity 85578K, committed 86912K, reserved 1124352K
  class space    used 10583K, capacity 11219K, committed 11392K, reserved 1048576K
}
Event: 1106.996 GC heap before
{Heap before GC invocations=27 (full 5):
 PSYoungGen      total 367104K, used 286720K [0x00000000e0000000, 0x0000000100000000, 0x0000000100000000)
  eden space 286720K, 100% used [0x00000000e0000000,0x00000000f1800000,0x00000000f1800000)
  from space 80384K, 0% used [0x00000000f1800000,0x00000000f1800000,0x00000000f6680000)
  to   space 125440K, 0% used [0x00000000f8580000,0x00000000f8580000,0x0000000100000000)
 ParOldGen       total 382464K, used 146225K [0x00000000a0000000, 0x00000000b7580000, 0x00000000e0000000)
  object space 382464K, 38% used [0x00000000a0000000,0x00000000a8ecc4a0,0x00000000b7580000)
 Metaspace       used 82623K, capacity 85642K, committed 86912K, reserved 1124352K
  class space    used 10583K, capacity 11219K, committed 11392K, reserved 1048576K
Event: 1107.040 GC heap after
Heap after GC invocations=27 (full 5):
 PSYoungGen      total 400896K, used 9860K [0x00000000e0000000, 0x0000000100000000, 0x0000000100000000)
  eden space 275456K, 0% used [0x00000000e0000000,0x00000000e0000000,0x00000000f0d00000)
  from space 125440K, 7% used [0x00000000f8580000,0x00000000f8f21240,0x0000000100000000)
  to   space 123392K, 0% used [0x00000000f0d00000,0x00000000f0d00000,0x00000000f8580000)
 ParOldGen       total 382464K, used 146233K [0x00000000a0000000, 0x00000000b7580000, 0x00000000e0000000)
  object space 382464K, 38% used [0x00000000a0000000,0x00000000a8ece4a0,0x00000000b7580000)
 Metaspace       used 82623K, capacity 85642K, committed 86912K, reserved 1124352K
  class space    used 10583K, capacity 11219K, committed 11392K, reserved 1048576K
}
Event: 1651.894 GC heap before
{Heap before GC invocations=28 (full 5):
 PSYoungGen      total 400896K, used 285316K [0x00000000e0000000, 0x0000000100000000, 0x0000000100000000)
  eden space 275456K, 100% used [0x00000000e0000000,0x00000000f0d00000,0x00000000f0d00000)
  from space 125440K, 7% used [0x00000000f8580000,0x00000000f8f21240,0x0000000100000000)
  to   space 123392K, 0% used [0x00000000f0d00000,0x00000000f0d00000,0x00000000f8580000)
 ParOldGen       total 382464K, used 146233K [0x00000000a0000000, 0x00000000b7580000, 0x00000000e0000000)
  object space 382464K, 38% used [0x00000000a0000000,0x00000000a8ece4a0,0x00000000b7580000)
 Metaspace       used 82991K, capacity 86070K, committed 86912K, reserved 1124352K
  class space    used 10596K, capacity 11237K, committed 11392K, reserved 1048576K
Event: 1651.914 GC heap after
Heap after GC invocations=28 (full 5):
 PSYoungGen      total 285696K, used 9927K [0x00000000e0000000, 0x00000000ff900000, 0x0000000100000000)
  eden space 275456K, 0% used [0x00000000e0000000,0x00000000e0000000,0x00000000f0d00000)
  from space 10240K, 96% used [0x00000000f0d00000,0x00000000f16b1cc0,0x00000000f1700000)
  to   space 120832K, 0% used [0x00000000f8300000,0x00000000f8300000,0x00000000ff900000)
 ParOldGen       total 382464K, used 154193K [0x00000000a0000000, 0x00000000b7580000, 0x00000000e0000000)
  object space 382464K, 40% used [0x00000000a0000000,0x00000000a9694590,0x00000000b7580000)
 Metaspace       used 82991K, capacity 86070K, committed 86912K, reserved 1124352K
  class space    used 10596K, capacity 11237K, committed 11392K, reserved 1048576K
}
Event: 2436.778 GC heap before
{Heap before GC invocations=29 (full 5):
 PSYoungGen      total 285696K, used 285383K [0x00000000e0000000, 0x00000000ff900000, 0x0000000100000000)
  eden space 275456K, 100% used [0x00000000e0000000,0x00000000f0d00000,0x00000000f0d00000)
  from space 10240K, 96% used [0x00000000f0d00000,0x00000000f16b1cc0,0x00000000f1700000)
  to   space 120832K, 0% used [0x00000000f8300000,0x00000000f8300000,0x00000000ff900000)
 ParOldGen       total 382464K, used 154193K [0x00000000a0000000, 0x00000000b7580000, 0x00000000e0000000)
  object space 382464K, 40% used [0x00000000a0000000,0x00000000a9694590,0x00000000b7580000)
 Metaspace       used 83967K, capacity 87274K, committed 87424K, reserved 1126400K
  class space    used 10682K, capacity 11363K, committed 11392K, reserved 1048576K
Event: 2436.878 GC heap after
Heap after GC invocations=29 (full 5):
 PSYoungGen      total 400384K, used 50190K [0x00000000e0000000, 0x0000000100000000, 0x0000000100000000)
  eden space 279552K, 0% used [0x00000000e0000000,0x00000000e0000000,0x00000000f1100000)
  from space 120832K, 41% used [0x00000000f8300000,0x00000000fb403958,0x00000000ff900000)
  to   space 116736K, 0% used [0x00000000f1100000,0x00000000f1100000,0x00000000f8300000)
 ParOldGen       total 382464K, used 154445K [0x00000000a0000000, 0x00000000b7580000, 0x00000000e0000000)
  object space 382464K, 40% used [0x00000000a0000000,0x00000000a96d3560,0x00000000b7580000)
 Metaspace       used 83967K, capacity 87274K, committed 87424K, reserved 1126400K
  class space    used 10682K, capacity 11363K, committed 11392K, reserved 1048576K
}
Event: 2443.003 GC heap before
{Heap before GC invocations=30 (full 5):
 PSYoungGen      total 400384K, used 329742K [0x00000000e0000000, 0x0000000100000000, 0x0000000100000000)
  eden space 279552K, 100% used [0x00000000e0000000,0x00000000f1100000,0x00000000f1100000)
  from space 120832K, 41% used [0x00000000f8300000,0x00000000fb403958,0x00000000ff900000)
  to   space 116736K, 0% used [0x00000000f1100000,0x00000000f1100000,0x00000000f8300000)
 ParOldGen       total 382464K, used 154445K [0x00000000a0000000, 0x00000000b7580000, 0x00000000e0000000)
  object space 382464K, 40% used [0x00000000a0000000,0x00000000a96d3560,0x00000000b7580000)
 Metaspace       used 84343K, capacity 87618K, committed 87936K, reserved 1126400K
  class space    used 10705K, capacity 11367K, committed 11392K, reserved 1048576K
Event: 2443.031 GC heap after
Heap after GC invocations=30 (full 5):
 PSYoungGen      total 396288K, used 9695K [0x00000000e0000000, 0x00000000ff700000, 0x0000000100000000)
  eden space 279552K, 0% used [0x00000000e0000000,0x00000000e0000000,0x00000000f1100000)
  from space 116736K, 8% used [0x00000000f1100000,0x00000000f1a77e88,0x00000000f8300000)
  to   space 114176K, 0% used [0x00000000f8780000,0x00000000f8780000,0x00000000ff700000)
 ParOldGen       total 382464K, used 154453K [0x00000000a0000000, 0x00000000b7580000, 0x00000000e0000000)
  object space 382464K, 40% used [0x00000000a0000000,0x00000000a96d5560,0x00000000b7580000)
 Metaspace       used 84343K, capacity 87618K, committed 87936K, reserved 1126400K
  class space    used 10705K, capacity 11367K, committed 11392K, reserved 1048576K
}

